19:56:17.571 [main] INFO  GenerateLogData$ - Log data generator started...
19:56:18.005 [main] WARN  HelperUtils.Parameters$ - Max count 50 is used to create records instead of timeouts
19:56:18.142 [scala-execution-context-global-15] WARN  HelperUtils.Parameters$ - ]X]miO64\XzncM9u@33N7C4QI40q.`\dlW@;YD@:/c`mSE!Zg%
19:56:18.163 [scala-execution-context-global-15] INFO  HelperUtils.Parameters$ - HJfJ>(E'JVzUH!\vz%\dXA6ae1L8oN9nX6qF5kK5rce3W6hae1<eHoMPj{eGL0y?@D)b7ihST
19:56:18.181 [scala-execution-context-global-15] INFO  HelperUtils.Parameters$ - Mx=QsJyui5T:=T'TGkeC_<_@YA8R}c&t
19:56:18.200 [scala-execution-context-global-15] INFO  HelperUtils.Parameters$ - ]6SgS"H!o{NK1uOdxV"t(vl-gttlZ8pI7jcf0bg1af0I5sbf1af3yD=#^N"C,r[aH\u-eMDB~BidB/=;
19:56:18.220 [scala-execution-context-global-15] WARN  HelperUtils.Parameters$ - lQi).i30^ey*)38Ghb5O-6H5%@fasA^spD5\6<8;B#bz
19:56:18.236 [scala-execution-context-global-15] DEBUG HelperUtils.Parameters$ - qKvL\X"<aCQ"YFw5Zd,.\*|:Q6oD9jK8tQ8mF5slDa1&z@I|F"XT^WR]&ciUImc
19:56:18.254 [scala-execution-context-global-15] INFO  HelperUtils.Parameters$ - lp9BY{;3t#?5r[`:!-?C!;TxTc]T5iae3cf3af3bg0mo7!qhxtk[jP`3`./~*4]5~^X(0
19:56:18.269 [scala-execution-context-global-15] INFO  HelperUtils.Parameters$ - *q)?p]9[O(VV`P8hM9obf1be2K8jbg3be3ce1E9fW7jA9qC5mbf0F5wS6q2|_f.;;_K>75y
19:56:18.284 [scala-execution-context-global-15] INFO  HelperUtils.Parameters$ - }(SP<m2DpWdMhEZ5rSBb~6ae2D5mY6rcf1cf2cg3Y7nae3J5kbe0D5kZam'nSunT*TQrA:;PC9-#I
19:56:18.299 [scala-execution-context-global-15] WARN  HelperUtils.Parameters$ - %??Bx?NVdz65AxAcf0O9qae3cf0U9uf+G:R?.eMEI\&i3
19:56:18.314 [scala-execution-context-global-15] ERROR HelperUtils.Parameters$ - _twv6[}g`lbXN7
19:56:18.329 [scala-execution-context-global-15] INFO  HelperUtils.Parameters$ - "FmOU%id$?FVH-+JS7rae0bf0ag2ag0Y6lD8w-nTs#u;7luK=3ant
19:56:18.343 [scala-execution-context-global-15] WARN  HelperUtils.Parameters$ - /V0)Mf?Qn?_8>bpYkv>W_$af1bg2C7fK6mL7jC5mbf1H9oH9sV8wbf3cg1U8uR7hbf0FF3I[m0Q7?l1%Bt'"gpAFT
19:56:18.357 [scala-execution-context-global-15] INFO  HelperUtils.Parameters$ - r/:-E?*W9egh{=&@G@u2~@#l[1>dm[
19:56:18.372 [scala-execution-context-global-15] INFO  HelperUtils.Parameters$ - Ara";$^[Sws)>NtGEOalKG^N3v!fxp#B8+c{S'niAg?<It!|C"e{/v@z
19:56:18.385 [scala-execution-context-global-15] WARN  HelperUtils.Parameters$ - X<M@}beLqFL~@aZd3TzTag1ae0K6hbe3C7iag1cf3G6oK9mbe1bf1H!;*^.M#u+Z`]JJH04xm
19:56:18.399 [scala-execution-context-global-15] WARN  HelperUtils.Parameters$ - I`V5fU$3rQ;([cHhS32zqP8wbf3Y6lP6wae2R6jbf3ce0ae2E7v#4H\0j"hO^@hi=J_c7/ex
19:56:18.413 [scala-execution-context-global-15] INFO  HelperUtils.Parameters$ - ]*o,*=6C{GGyoPzULUV7uF9pag0M5pZ7sI6rE6kbe2ce2Z@.qjjCtib=S1a`BMe
19:56:18.428 [scala-execution-context-global-15] DEBUG HelperUtils.Parameters$ - y/ToC:<O2=io]8|I>|<\ORf78|K::uts(TBR%Mf#5!06rF|JeLw2yQTDhA
19:56:18.442 [scala-execution-context-global-15] WARN  HelperUtils.Parameters$ - cwfVWd,rMt>f)lcvm)B3l-ApU/VPWcqQc!CrUT+m7M*$6S1!
19:56:18.457 [scala-execution-context-global-15] INFO  HelperUtils.Parameters$ - SA%jn({}bf3cg0bg1J5fcg3D9nbe2C5s`zt*IRxb
19:56:18.471 [scala-execution-context-global-15] DEBUG HelperUtils.Parameters$ - OG';`,Ee42,x7ag2ae0C8pD6mce3af3ds*dwPlR"Mw{l
19:56:18.488 [scala-execution-context-global-15] INFO  HelperUtils.Parameters$ - 4:pHi*8&i~EWM*Lm"@O$b3d#X8uaf1J6qU7tcf1be0.@7M`[NlfTR_B#)~ag!%?nzH
19:56:18.503 [scala-execution-context-global-15] INFO  HelperUtils.Parameters$ - hY}~K<~&&)~mi$.Ou5ApQmt^p9qA,qcg0L7vcf0af2be1V6n&L<G*;UyY,cH'Fjb9"]&Uk(q9.d'8F
19:56:18.516 [scala-execution-context-global-15] INFO  HelperUtils.Parameters$ - 9'J1yH%JXdWTzbp37Z=#n>oN&W04?F@<a:y?i:NBahEYs|FxFeF3
19:56:18.530 [scala-execution-context-global-15] INFO  HelperUtils.Parameters$ - `Ay4zd9UVdpzD!2,w>A6jA7ibf0F7waf1E5obf0bc/6TtuyVEwRV:ZMA5
19:56:18.545 [scala-execution-context-global-15] WARN  HelperUtils.Parameters$ - uSy-RpJhfi&^}AD1O9uE8vcg2R7fag2ws/49vy#zqf/j@ZL
19:56:18.559 [scala-execution-context-global-15] INFO  HelperUtils.Parameters$ - q=O.A@eeoY<Ja\]4af0I6obf3L6wQ9rH6rag2C#ZP@aXI7,w_T0|_
19:56:18.573 [scala-execution-context-global-15] INFO  HelperUtils.Parameters$ - v@NWWAfRM-`uNcf1ag1A9hA6vY7kU5hae2bg0X5qag1^5<<:K?.e4Emi
19:56:18.587 [scala-execution-context-global-15] WARN  HelperUtils.Parameters$ - ?X##m23:Hd{[o/uv9KhHd3;,JtW.QI8uaf3bg2af2V6oqqAo`/z_(>PDP7T^R2\=oRty"KXmw
19:56:18.601 [scala-execution-context-global-15] ERROR HelperUtils.Parameters$ - KQ84hUD[+a2j]'I*U7`XKE_\Dcf0M5mae1bf2Q6gbe3,l@&TZl^mo:;%rg2<Zw>wfS[a
19:56:18.604 [scala-execution-context-global-15] ERROR HelperUtils.Parameters$ - 4hUD[+a2j]'I*U7`XKE_\Dcf0M5mae1bf2Q6gbe3,l@&TZl^mo:;%rg2<Zw>wfS[a
19:56:18.610 [scala-execution-context-global-15] ERROR HelperUtils.Parameters$ - 4hUD[+a2j]'I*U7`XKE_\Dcf0M5mae1bf2Q6gbe3,l@&TZl^mo:;%rg2
19:56:18.615 [scala-execution-context-global-15] WARN  HelperUtils.Parameters$ - r%`4ehrR\H7jbe3ag0D9nN8jS6obg2be0bf3dYX4o_xdS
19:56:18.630 [scala-execution-context-global-15] WARN  HelperUtils.Parameters$ - ^'tZH+rxWas{S;U}CB(\j)0+6Lae3ae2cf1be1cg3<T6]72$@S?E3ngM'76MJ5IrN+r
19:56:18.645 [scala-execution-context-global-15] INFO  HelperUtils.Parameters$ - <]j8Y~ej_5BhZQ]TI}W1i@3u'Rs|W7jCn}ok}UL9:_/.21K?R_\WZx
19:56:18.659 [scala-execution-context-global-15] INFO  HelperUtils.Parameters$ - Z!l/"CQbg3P8sJ7icg2cg1E7vaf2ae0J9tC5uU5i.mDRT|l
19:56:18.675 [scala-execution-context-global-15] INFO  HelperUtils.Parameters$ - z^Mp99Qm*<e(z9-0vHq.),{$kH#B5tC7qcf3Y9pX9uW5uP5tbe1F9vH|6%{X_v$#WMBhZ(:U+@fd#o*/8
19:56:18.690 [scala-execution-context-global-15] WARN  HelperUtils.Parameters$ - E6eqZBmae1J5gX7hbf3P5nR9hE5jR6vbg1ce3ag1A9ice2T6tQ9fU\@#Y10
19:56:18.705 [scala-execution-context-global-15] WARN  HelperUtils.Parameters$ - r&!?:l6=D!4T"AB8fbe0N5pae2O7gw&/^g.U|s$7rH;
19:56:18.720 [scala-execution-context-global-15] DEBUG HelperUtils.Parameters$ - U&EBNH<V~Mk\+g$~(o4_mMT3y_z{2+ag2X6pR7mN8hK5gU8jL7hbf3k,"o$0znVB*cbjExUj;WU1(tIVCMwh
19:56:18.736 [scala-execution-context-global-15] INFO  HelperUtils.Parameters$ - xCR,jVQ5y\SgqVCYce3Y9scf1T5pcf3ae1R5pbe1bg2be1.w+u]'fiXV:aT)LY
19:56:18.844 [scala-execution-context-global-15] WARN  HelperUtils.Parameters$ - 4XFQU|1oS6*{3%%af3bf3E5rae1ae3XHUGo@<UcP#^fn/
19:56:18.861 [scala-execution-context-global-15] INFO  HelperUtils.Parameters$ - NCsw2oGcH{^NPzY_u$IVcH7hE9mcf1bg1bg0xGzc44LP^G:Ebk}2-t4Py
19:56:18.884 [scala-execution-context-global-15] INFO  HelperUtils.Parameters$ - ?T5;]bg[_wP,OPB+;~-M$P/5T#oWS9fI5pD7gbf1J5i=(6Vk++BoL>BwyO)<I8`XC^$x`.u
19:56:18.899 [scala-execution-context-global-15] INFO  HelperUtils.Parameters$ - 'rDlHC*2?s~'bW=h/2Ga%a)B!wcYj-nkYXG~|#aVFfrB)]DZm<RxN@
19:56:18.913 [scala-execution-context-global-15] DEBUG HelperUtils.Parameters$ - C,p@?5ukxaf1T5kcg1S5rK7wbe0&:1mbG)[|
19:56:18.927 [scala-execution-context-global-15] WARN  HelperUtils.Parameters$ - _1As)!"c!6lAw/7tU|\9PUCB7kR8oR6mJ5oQ5nO6gX6kZ7uI7sA7l#.2HO&Juykj/IFhnbq-<A&G
19:56:18.940 [scala-execution-context-global-15] INFO  HelperUtils.Parameters$ - :jmU1~Hp_)E]@SPV~Hbcg2C5lI5mJ9pcg2a-.Voyds/2jtZBXb^A1
19:56:18.954 [scala-execution-context-global-15] INFO  HelperUtils.Parameters$ - u#S|ITHDvAe>7bBG0qX/{,s1T^\E&?0TE$\OruC?(>s22AS;U^
19:56:18.967 [scala-execution-context-global-15] INFO  HelperUtils.Parameters$ - @hc0Ud-Fn54)refy~=yrRfnyrR9sO7iL7ibf3be3bg1:tEF&12\>_|v`nX]!?PrLb.`4
19:56:18.980 [scala-execution-context-global-15] INFO  HelperUtils.Parameters$ - =A`<\8y>^gUC82~?lx`9)u]O<=&Qm+f>Bns8
19:56:18.981 [main] INFO  GenerateLogData$ - Log data generation has completed after generating 50 records.
