21:41:47.835 [main] INFO  GenerateLogData$ - Log data generator started...
21:41:48.199 [main] WARN  HelperUtils.Parameters$ - Max count 50 is used to create records instead of timeouts
21:41:48.321 [scala-execution-context-global-14] WARN  HelperUtils.Parameters$ - Y7vR9ube3M6sZ7l
21:41:48.342 [scala-execution-context-global-14] INFO  HelperUtils.Parameters$ - ~MG$|CZj~(?"<\
21:41:48.361 [scala-execution-context-global-14] INFO  HelperUtils.Parameters$ - ]p+\WdE~85bYgq;j68;whE9c0M&JJ}=kN{yK)?@}GW#U^a]/q[Kg{+QhCIN4
21:41:48.378 [scala-execution-context-global-14] INFO  HelperUtils.Parameters$ - ag2F6qD8pX7iag2bg3I8ucg3
21:41:48.393 [scala-execution-context-global-14] WARN  HelperUtils.Parameters$ - V6mbe1cg2Z5nC6qaf3
21:41:48.410 [scala-execution-context-global-14] DEBUG HelperUtils.Parameters$ - J#|;=]FZfF"m9z<|3r&LwwUyw2=N}nce1W5iH6pO5sbe2;D_Inx+N7;9,wBr2tcmy&bR;1yUepO
21:41:48.426 [scala-execution-context-global-14] INFO  HelperUtils.Parameters$ - e|Z](:aj9;s`wQR5uLsE#j|#5TlHJdpvG$-/R{8iKW~w[.ynx3E9V$h$x)Y<
21:41:48.441 [scala-execution-context-global-14] INFO  HelperUtils.Parameters$ - 38T9{`}T'*|GD"^g[?X0diJEJOZ"$Qdy<;
21:41:48.456 [scala-execution-context-global-14] INFO  HelperUtils.Parameters$ - 4)4ctJHBJ}:6QOuY`q&9Z=^y!|M<Xc@iT:D;&Y?@eJI'=J\Tr<
21:41:48.472 [scala-execution-context-global-14] WARN  HelperUtils.Parameters$ - V_)tkO"#(zWvCnV$:,c.B4U6oU8lce3cg0L8p.[u#I%]!'+[vXDBu-ggJ=f
21:41:48.490 [scala-execution-context-global-14] ERROR HelperUtils.Parameters$ - D6tce2ae3bg1cf2K5rbg0
21:41:48.506 [scala-execution-context-global-14] INFO  HelperUtils.Parameters$ - m#MV^O,["*\}Nbe2T7qbg1cf1X6gU8rf>qY-G4X72_5x
21:41:48.522 [scala-execution-context-global-14] WARN  HelperUtils.Parameters$ - -~ydD&cP2exIuMDYxJ~a{XY|HqJ$-%>ZjSiP2(9Zj.0u{!_=V;ES%?K#O.
21:41:48.539 [scala-execution-context-global-14] INFO  HelperUtils.Parameters$ - >FKfj;p~_C\qLWwo0lMO)<[Z8kbf2I6oae0H7w~vh<M],N+^JAv0Si2QOE&<!
21:41:48.556 [scala-execution-context-D6tce2ae3bg1cf2K5rbg0global-14] INFO  HelperUtils.Parameters$ - LxIai%?,UVKFCa-O?c#D
21:41:48.573 [scala-execution-context-global-14] WARN  HelperUtils.Parameters$ - ,l1gltj3|LvO>wv3U|9VYCl!2$jG6)\nuw=qU52&kV.uloLzB,PV
21:41:48.589 [scala-execution-context-global-14] WARN  HelperUtils.Parameters$ - F>*]pOuZ}7+vsGkE@-be1ae3X8uP5tL8mcg08vo{aqXxg'L,XC:X9n
21:41:48.606 [scala-execution-context-global-14] INFO  HelperUtils.Parameters$ - G\/wMY`y)Bv0=<1cUUlSGa
21:41:48.623 [scala-execution-context-global-14] DEBUG HelperUtils.Parameters$ - e,upnujE"o^J>gb0}j3Qt/UDaf0af1be1ce2A6taf1ae0ag1O7myn[5b(u;^sq9EPEfEAFp8aL(
21:41:48.638 [scala-execution-context-global-14] WARN  HelperUtils.Parameters$ - ACwdGhF<3_oE6vB9gJ6mbe1ag1O7hG6opke^83vTc12
21:41:48.653 [scala-execution-context-global-14] INFO  HelperUtils.Parameters$ - ]L~Rp1V;@ghs+tDms`j&-3jGe}o~Y\{{~(Ej'{?1B.{zNoNjQ[_x
21:41:48.669 [scala-execution-context-global-14] DEBUG HelperUtils.Parameters$ - =!}&P&-&Y^=\2">W6pbf1P8jaf2H7nce3cg2bf0X6mS5mO6fG[%5ayzP$o48YJ9
21:41:48.685 [scala-execution-context-global-14] INFO  HelperUtils.Parameters$ - *{r^P?)qg[DHhaf0ag3be1F9lI6ky3Lu:{oZ)=k$D
21:41:48.701 [scala-execution-context-global-14] INFO  HelperUtils.Parameters$ - dx&BOUb4+[hgGttKN7YgIHcg0W5wO8jbe0E8tbe3ag3ce2af12a;I27Q_yaTiHRKt.viHd?
21:41:48.719 [scala-execution-context-global-14] INFO  HelperUtils.Parameters$ - -[}K<_n{b?Vi!*gGiBv,9o
21:41:48.735 [scala-execution-context-global-14] INFO  HelperUtils.Parameters$ - ^#W%buucDag1ag2G5gcg3be2J4j57f[^[
21:41:48.750 [scala-execution-context-global-14] WARN  HelperUtils.Parameters$ - :idc'V,W|]wSKj^yA7n4kFOcf2W6ocf2af3cf0wrI:(XUo2KUhnT?">nx>F\&
21:41:48.766 [scala-execution-context-global-14] INFO  HelperUtils.Parameters$ - ezEC'gU:\AMN];)ek%.vgz:s]lG5cg1V6iY9pae2W8vX7gce0Y5o"W#<J9i7mWku4%u~{sk+pbmHEhHc
21:41:48.781 [scala-execution-context-global-14] INFO  HelperUtils.Parameters$ - 5U}4!G]/mS`gM/|F5sbf3bg3H8jbe1O:H&<ZrAh3F;;[6
21:41:48.797 [scala-execution-context-global-14] WARN  HelperUtils.Parameters$ - 'x3CLot6gts#CNpARsOQ;I'KRF8gce3cg1cg2ce0bg3bf0cf2cg2G6mbe2+QzIua|D)./B;(k(qpbBTaKCo
21:41:48.812 [scala-execution-context-global-14] ERROR HelperUtils.Parameters$ - lCw4Z,|s~W[Kyg5N6|Lm/]etEmA,]M/I\zyZ?"=-+W.sYXSB
21:41:48.828 [scala-execution-context-global-14] WARN  HelperUtils.Parameters$ - Bm2mu-iea/%(1U%.rM3Ibg1R9hag3bf2B9oR8k0%]#n'3*0U}#kJV#W*sC
21:41:48.842 [scala-execution-context-global-14] WARN  HelperUtils.Parameters$ - 5Gk,60!;\7ru5Pqb
21:41:48.855 [scala-execution-context-global-14] INFO  HelperUtils.Parameters$ - \q_~T'|SOFc+TL7nw)zK.l1ubg2P9tbf1P8tbe35"ik'1)l}qdqdKlwv"b3^^WS
21:41:48.873 [scala-execution-context-global-14] INFO  HelperUtils.Parameters$ - >W)~:M2-Uc'lw_.s=V%x10K"Ys;V
21:41:48.888 [scala-execution-context-global-14] INFO  HelperUtils.Parameters$ - rj$;[qv*^b?Dca+_pR@%<Kd~)AY&(pv22,!QF&D;?^,D{U
21:41:48.905 [scala-execution-context-global-14] WARN  HelperUtils.Parameters$ - j$p^RS>JKPYGnjJ6\rXcuo30ce3T7oag3W8qN8kD7kyo\crT&|:x~QP2g>*US7TXIl
21:41:48.922 [scala-execution-context-global-14] WARN  HelperUtils.Parameters$ - "elv=X|Qf"jw-A2j^aGrRz
21:41:48.938 [scala-execution-context-global-14] DEBUG HelperUtils.Parameters$ - bGmUrR!D0S=heo^2~tkM7fK7wI8qag0O9uJTI'?7--l77#TWPz"y6
21:41:48.955 [scala-execution-context-global-14] INFO  HelperUtils.Parameters$ - ZCT[pPs'XwQiKsD^)3>QN8lW7pce0bg2cf0X9tRK[~w|*9P.\@[w+mz}6v
21:41:48.970 [scala-execution-context-global-14] WARN  HelperUtils.Parameters$ - gZNmATmNhS7bXd
21:41:48.984 [scala-execution-context-global-14] INFO  HelperUtils.Parameters$ - !FG3bx0>N1Q$DQP\Mw%Qz>4lI%TENY{1Z7$*X#_*<p"!yD]ugzs5}mw^I\
21:41:49.004 [scala-execution-context-global-14] INFO  HelperUtils.Parameters$ - b)5ZMmK*9[.~"U'2
21:41:49.020 [scala-execution-context-global-14] INFO  HelperUtils.Parameters$ - |/}.64E9jP5fT9jA6pbe0aZ}Dgc
21:41:49.036 [scala-execution-context-global-14] DEBUG HelperUtils.Parameters$ - bR}6c>hhq#+tDb8(f;KFbe3J6vcf0cg3B7waf11x=mz(H=^]yH|^v(J-*C
21:41:49.051 [scala-execution-context-global-14] WARN  HelperUtils.Parameters$ - T^!^rM:|pMtN*,ZC8haf1ag2bf0be2bf0V5kS5pF7qB6nT5iM6sO)c8zn*rm{2zB$}
21:41:49.066 [scala-execution-context-global-14] INFO  HelperUtils.Parameters$ - Y?P^vAEn`^R`ciOFx$[7pN7,h`T5jR6wbg1bf2D6qL8iV5l'?]{5'-x40bEp33lxRq"^C)+4,
21:41:49.079 [scala-execution-context-global-14] INFO  HelperUtils.Parameters$ - \vM-=kSitP-U1)A6mE8fC5jL7iU5uT8oG5vbf2ag2V6lL8lbe2bf2be2M8h0VIe!4!XrMJ:n+
21:41:49.093 [scala-execution-context-global-14] INFO  HelperUtils.Parameters$ - L4B<<fnhLjQ8hce0Y7mA6sbg3ce3Z(/ie[00K;
21:41:49.109 [scala-execution-context-global-14] INFO  HelperUtils.Parameters$ - ?U%pvHXk=z!uxkD&jMae0bf1S5kD5hK6hB5wcf1L8pV8ob6x}~z]L">[W10KxWC
21:41:49.110 [main] INFO  GenerateLogData$ - Log data generation has completed after generating 50 records.
23:42:30.175 [main] INFO  RunJobs$ - generated log files, now running map reduce
